# JRE version: Java(TM) SE Runtime Environment (7.0_71-b14) (build 1.7.0_71-b14)
# Java VM: Java HotSpot(TM) Client VM (24.71-b01 mixed mode, sharing windows-x86 )
Heap
 def new generation   total 4928K, used 3225K [0x24000000, 0x24550000, 0x29550000)
  eden space 4416K,  61% used [0x24000000, 0x242a6408, 0x24450000)
  from space 512K, 100% used [0x24450000, 0x244d0000, 0x244d0000)
  to   space 512K,   0% used [0x244d0000, 0x244d0000, 0x24550000)
 tenured generation   total 10944K, used 1651K [0x29550000, 0x2a000000, 0x34000000)
   the space 10944K,  15% used [0x29550000, 0x296ece60, 0x296ed000, 0x2a000000)
 compacting perm gen  total 12288K, used 1377K [0x34000000, 0x34c00000, 0x38000000)
   the space 12288K,  11% used [0x34000000, 0x34158710, 0x34158800, 0x34c00000)
    ro space 10240K,  44% used [0x38000000, 0x3847aee0, 0x3847b000, 0x38a00000)
    rw space 12288K,  52% used [0x38a00000, 0x39042e10, 0x39043000, 0x39600000)
GC Heap History (4 events):
Event: 0.519 GC heap before
{Heap before GC invocations=0 (full 0):
 def new generation   total 4928K, used 4416K [0x24000000, 0x24550000, 0x29550000)
  eden space 4416K, 100% used [0x24000000, 0x24450000, 0x24450000)
  from space 512K,   0% used [0x24450000, 0x24450000, 0x244d0000)
  to   space 512K,   0% used [0x244d0000, 0x244d0000, 0x24550000)
 tenured generation   total 10944K, used 0K [0x29550000, 0x2a000000, 0x34000000)
   the space 10944K,   0% used [0x29550000, 0x29550000, 0x29550200, 0x2a000000)
 compacting perm gen  total 12288K, used 1289K [0x34000000, 0x34c00000, 0x38000000)
   the space 12288K,  10% used [0x34000000, 0x34142718, 0x34142800, 0x34c00000)
    ro space 10240K,  44% used [0x38000000, 0x3847aee0, 0x3847b000, 0x38a00000)
    rw space 12288K,  52% used [0x38a00000, 0x39042e10, 0x39043000, 0x39600000)
Event: 0.534 GC heap after
Heap after GC invocations=1 (full 0):
 def new generation   total 4928K, used 512K [0x24000000, 0x24550000, 0x29550000)
  eden space 4416K,   0% used [0x24000000, 0x24000000, 0x24450000)
  from space 512K, 100% used [0x244d0000, 0x24550000, 0x24550000)
  to   space 512K,   0% used [0x24450000, 0x24450000, 0x244d0000)
 tenured generation   total 10944K, used 1000K [0x29550000, 0x2a000000, 0x34000000)
   the space 10944K,   9% used [0x29550000, 0x2964a108, 0x2964a200, 0x2a000000)
 compacting perm gen  total 12288K, used 1289K [0x34000000, 0x34c00000, 0x38000000)
   the space 12288K,  10% used [0x34000000, 0x34142718, 0x34142800, 0x34c00000)
    ro space 10240K,  44% used [0x38000000, 0x3847aee0, 0x3847b000, 0x38a00000)
    rw space 12288K,  52% used [0x38a00000, 0x39042e10, 0x39043000, 0x39600000)
}
Event: 0.720 GC heap before
{Heap before GC invocations=1 (full 0):
 def new generation   total 4928K, used 4928K [0x24000000, 0x24550000, 0x29550000)
  eden space 4416K, 100% used [0x24000000, 0x24450000, 0x24450000)
  from space 512K, 100% used [0x244d0000, 0x24550000, 0x24550000)
  to   space 512K,   0% used [0x24450000, 0x24450000, 0x244d0000)
 tenured generation   total 10944K, used 1000K [0x29550000, 0x2a000000, 0x34000000)
   the space 10944K,   9% used [0x29550000, 0x2964a108, 0x2964a200, 0x2a000000)
 compacting perm gen  total 12288K, used 1292K [0x34000000, 0x34c00000, 0x38000000)
   the space 12288K,  10% used [0x34000000, 0x341433a8, 0x34143400, 0x34c00000)
    ro space 10240K,  44% used [0x38000000, 0x3847aee0, 0x3847b000, 0x38a00000)
    rw space 12288K,  52% used [0x38a00000, 0x39042e10, 0x39043000, 0x39600000)
Event: 0.730 GC heap after
Heap after GC invocations=2 (full 0):
 def new generation   total 4928K, used 512K [0x24000000, 0x24550000, 0x29550000)
  eden space 4416K,   0% used [0x24000000, 0x24000000, 0x24450000)
  from space 512K, 100% used [0x24450000, 0x244d0000, 0x244d0000)
  to   space 512K,   0% used [0x244d0000, 0x244d0000, 0x24550000)
 tenured generation   total 10944K, used 1651K [0x29550000, 0x2a000000, 0x34000000)
   the space 10944K,  15% used [0x29550000, 0x296ece60, 0x296ed000, 0x2a000000)
 compacting perm gen  total 12288K, used 1292K [0x34000000, 0x34c00000, 0x38000000)
   the space 12288K,  10% used [0x34000000, 0x341433a8, 0x34143400, 0x34c00000)
    ro space 10240K,  44% used [0x38000000, 0x3847aee0, 0x3847b000, 0x38a00000)
    rw space 12288K,  52% used [0x38a00000, 0x39042e10, 0x39043000, 0x39600000)
}

